app/build/intermediates/manifest_merge_blame_file/debug/manifest-merger-blame-debug-report.txt
1<?xml version="1.0" encoding="utf-8"?>
2<manifest xmlns:android="http://schemas.android.com/apk/res/android"
3    package="com.sundxin.noloader"
4    android:versionCode="1"
5    android:versionName="1.0" >
6
7    <uses-sdk
8        android:minSdkVersion="21"
8-->src\main\AndroidManifest.xml
9        android:targetSdkVersion="32" />
9-->src\main\AndroidManifest.xml
10
11    <uses-permission android:name="android.permission.INTERNET" />
11-->[:heniefont] AndroidManifest.xml:9:5-67
11-->[:heniefont] AndroidManifest.xml:9:22-64
12    <uses-permission android:name="android.permission.ACCESS_NETWORK_STATE" />
12-->[:heniefont] AndroidManifest.xml:10:5-79
12-->[:heniefont] AndroidManifest.xml:10:22-76
13    <uses-permission android:name="android.permission.ACCESS_WIFI_STATE" /> <!-- Create a unique permission for your app and use it so only your app can receive your OneSignal messages. -->
13-->[:heniefont] AndroidManifest.xml:11:5-76
13-->[:heniefont] AndroidManifest.xml:11:22-73
14    <permission
14-->[com.onesignal:OneSignal:4.8.4] AndroidManifest.xml:7:5-9:47
15        android:name="com.sundxin.noloader.permission.C2D_MESSAGE"
15-->[com.onesignal:OneSignal:4.8.4] AndroidManifest.xml:8:9-63
16        android:protectionLevel="signature" />
16-->[com.onesignal:OneSignal:4.8.4] AndroidManifest.xml:9:9-44
17
18    <uses-permission android:name="com.sundxin.noloader.permission.C2D_MESSAGE" /> <!-- OneSignal SDK has runtime checks Android version. -->
18-->[com.onesignal:OneSignal:4.8.4] AndroidManifest.xml:11:5-79
18-->[com.onesignal:OneSignal:4.8.4] AndroidManifest.xml:11:22-76
19    <!-- <uses-sdk tools:overrideLibrary="android.support.customtabs"/> -->
20    <!-- Required runtime permission to display notifications on Android 13 -->
21    <uses-permission android:name="android.permission.POST_NOTIFICATIONS" /> <!-- c2dm RECEIVE are basic requirements for push messages through Google's FCM -->
21-->[com.onesignal:OneSignal:4.8.4] AndroidManifest.xml:16:5-77
21-->[com.onesignal:OneSignal:4.8.4] AndroidManifest.xml:16:22-74
22    <uses-permission android:name="com.google.android.c2dm.permission.RECEIVE" /> <!-- Required, makes sure notifications are delivered on time. -->
22-->[com.onesignal:OneSignal:4.8.4] AndroidManifest.xml:18:5-82
22-->[com.onesignal:OneSignal:4.8.4] AndroidManifest.xml:18:22-79
23    <uses-permission android:name="android.permission.WAKE_LOCK" />
23-->[com.onesignal:OneSignal:4.8.4] AndroidManifest.xml:19:5-68
23-->[com.onesignal:OneSignal:4.8.4] AndroidManifest.xml:19:22-65
24    <!--
25 Required so the device vibrates on receiving a push notification.
26         Vibration settings of the device still apply.
27    -->
28    <uses-permission android:name="android.permission.VIBRATE" />
28-->[com.onesignal:OneSignal:4.8.4] AndroidManifest.xml:24:5-66
28-->[com.onesignal:OneSignal:4.8.4] AndroidManifest.xml:24:22-63
29    <!--
30 Use to restore notifications the user hasn't interacted with.
31         They could be missed notifications if the user reboots their device if this isn't in place.
32    -->
33    <uses-permission android:name="android.permission.RECEIVE_BOOT_COMPLETED" /> <!-- START: ShortcutBadger -->
33-->[com.onesignal:OneSignal:4.8.4] AndroidManifest.xml:30:5-81
33-->[com.onesignal:OneSignal:4.8.4] AndroidManifest.xml:30:22-78
34    <!-- Samsung -->
35    <uses-permission android:name="com.sec.android.provider.badge.permission.READ" />
35-->[com.onesignal:OneSignal:4.8.4] AndroidManifest.xml:32:5-86
35-->[com.onesignal:OneSignal:4.8.4] AndroidManifest.xml:32:22-83
36    <uses-permission android:name="com.sec.android.provider.badge.permission.WRITE" /> <!-- HTC -->
36-->[com.onesignal:OneSignal:4.8.4] AndroidManifest.xml:33:5-87
36-->[com.onesignal:OneSignal:4.8.4] AndroidManifest.xml:33:22-84
37    <uses-permission android:name="com.htc.launcher.permission.READ_SETTINGS" />
37-->[com.onesignal:OneSignal:4.8.4] AndroidManifest.xml:34:5-81
37-->[com.onesignal:OneSignal:4.8.4] AndroidManifest.xml:34:22-78
38    <uses-permission android:name="com.htc.launcher.permission.UPDATE_SHORTCUT" /> <!-- Sony -->
38-->[com.onesignal:OneSignal:4.8.4] AndroidManifest.xml:35:5-83
38-->[com.onesignal:OneSignal:4.8.4] AndroidManifest.xml:35:22-80
39    <uses-permission android:name="com.sonyericsson.home.permission.BROADCAST_BADGE" />
39-->[com.onesignal:OneSignal:4.8.4] AndroidManifest.xml:36:5-88
39-->[com.onesignal:OneSignal:4.8.4] AndroidManifest.xml:36:22-85
40    <uses-permission android:name="com.sonymobile.home.permission.PROVIDER_INSERT_BADGE" /> <!-- Apex -->
40-->[com.onesignal:OneSignal:4.8.4] AndroidManifest.xml:37:5-92
40-->[com.onesignal:OneSignal:4.8.4] AndroidManifest.xml:37:22-89
41    <uses-permission android:name="com.anddoes.launcher.permission.UPDATE_COUNT" /> <!-- Solid -->
41-->[com.onesignal:OneSignal:4.8.4] AndroidManifest.xml:38:5-84
41-->[com.onesignal:OneSignal:4.8.4] AndroidManifest.xml:38:22-81
42    <uses-permission android:name="com.majeur.launcher.permission.UPDATE_BADGE" /> <!-- Huawei -->
42-->[com.onesignal:OneSignal:4.8.4] AndroidManifest.xml:39:5-83
42-->[com.onesignal:OneSignal:4.8.4] AndroidManifest.xml:39:22-80
43    <uses-permission android:name="com.huawei.android.launcher.permission.CHANGE_BADGE" />
43-->[com.onesignal:OneSignal:4.8.4] AndroidManifest.xml:40:5-91
43-->[com.onesignal:OneSignal:4.8.4] AndroidManifest.xml:40:22-88
44    <uses-permission android:name="com.huawei.android.launcher.permission.READ_SETTINGS" />
44-->[com.onesignal:OneSignal:4.8.4] AndroidManifest.xml:41:5-92
44-->[com.onesignal:OneSignal:4.8.4] AndroidManifest.xml:41:22-89
45    <uses-permission android:name="com.huawei.android.launcher.permission.WRITE_SETTINGS" /> <!-- ZUK -->
45-->[com.onesignal:OneSignal:4.8.4] AndroidManifest.xml:42:5-93
45-->[com.onesignal:OneSignal:4.8.4] AndroidManifest.xml:42:22-90
46    <uses-permission android:name="android.permission.READ_APP_BADGE" /> <!-- OPPO -->
46-->[com.onesignal:OneSignal:4.8.4] AndroidManifest.xml:43:5-73
46-->[com.onesignal:OneSignal:4.8.4] AndroidManifest.xml:43:22-70
47    <uses-permission android:name="com.oppo.launcher.permission.READ_SETTINGS" />
47-->[com.onesignal:OneSignal:4.8.4] AndroidManifest.xml:44:5-82
47-->[com.onesignal:OneSignal:4.8.4] AndroidManifest.xml:44:22-79
48    <uses-permission android:name="com.oppo.launcher.permission.WRITE_SETTINGS" /> <!-- EvMe -->
48-->[com.onesignal:OneSignal:4.8.4] AndroidManifest.xml:45:5-83
48-->[com.onesignal:OneSignal:4.8.4] AndroidManifest.xml:45:22-80
49    <uses-permission android:name="me.everything.badger.permission.BADGE_COUNT_READ" />
49-->[com.onesignal:OneSignal:4.8.4] AndroidManifest.xml:46:5-88
49-->[com.onesignal:OneSignal:4.8.4] AndroidManifest.xml:46:22-85
50    <uses-permission android:name="me.everything.badger.permission.BADGE_COUNT_WRITE" />
50-->[com.onesignal:OneSignal:4.8.4] AndroidManifest.xml:47:5-89
50-->[com.onesignal:OneSignal:4.8.4] AndroidManifest.xml:47:22-86
51
52    <queries>
52-->[com.facebook.android:audience-network-sdk:6.12.0] AndroidManifest.xml:11:5-13:15
53        <package android:name="com.facebook.katana" />
53-->[com.facebook.android:audience-network-sdk:6.12.0] AndroidManifest.xml:12:9-55
53-->[com.facebook.android:audience-network-sdk:6.12.0] AndroidManifest.xml:12:18-52
54        <!-- For browser content -->
55        <intent>
55-->[com.google.android.gms:play-services-ads-lite:21.2.0] AndroidManifest.xml:31:9-37:18
56            <action android:name="android.intent.action.VIEW" />
56-->[com.onesignal:OneSignal:4.8.4] AndroidManifest.xml:77:17-69
56-->[com.onesignal:OneSignal:4.8.4] AndroidManifest.xml:77:25-66
57
58            <category android:name="android.intent.category.BROWSABLE" />
58-->[com.google.android.gms:play-services-ads-lite:21.2.0] AndroidManifest.xml:34:13-74
58-->[com.google.android.gms:play-services-ads-lite:21.2.0] AndroidManifest.xml:34:23-71
59
60            <data android:scheme="https" />
60-->[com.google.android.gms:play-services-ads-lite:21.2.0] AndroidManifest.xml:36:13-44
60-->[com.google.android.gms:play-services-ads-lite:21.2.0] AndroidManifest.xml:36:19-41
61        </intent> <!-- End of browser content -->
62        <!-- For CustomTabsService -->
63        <intent>
63-->[com.google.android.gms:play-services-ads-lite:21.2.0] AndroidManifest.xml:40:9-42:18
64            <action android:name="android.support.customtabs.action.CustomTabsService" />
64-->[com.google.android.gms:play-services-ads-lite:21.2.0] AndroidManifest.xml:41:13-90
64-->[com.google.android.gms:play-services-ads-lite:21.2.0] AndroidManifest.xml:41:21-87
65        </intent>
66    </queries>
67
68    <uses-permission android:name="com.google.android.gms.permission.AD_ID" />
68-->[com.facebook.android:audience-network-sdk:6.12.0] AndroidManifest.xml:17:5-79
68-->[com.facebook.android:audience-network-sdk:6.12.0] AndroidManifest.xml:17:22-76
69    <uses-permission android:name="android.permission.FOREGROUND_SERVICE" />
69-->[androidx.work:work-runtime:2.7.0] AndroidManifest.xml:28:5-77
69-->[androidx.work:work-runtime:2.7.0] AndroidManifest.xml:28:22-74
70
71    <application
71-->src\main\AndroidManifest.xml:6:5-31:19
72        android:name="com.sundxin.noloader.FApplicationClass"
72-->src\main\AndroidManifest.xml:7:9-42
73        android:allowBackup="true"
73-->src\main\AndroidManifest.xml:8:9-35
74        android:appComponentFactory="androidx.core.app.CoreComponentFactory"
74-->[androidx.core:core:1.8.0] AndroidManifest.xml:24:18-86
75        android:debuggable="true"
76        android:icon="@drawable/logo"
76-->src\main\AndroidManifest.xml:9:9-38
77        android:label="@string/app_name"
77-->src\main\AndroidManifest.xml:10:9-41
78        android:roundIcon="@drawable/logo"
78-->src\main\AndroidManifest.xml:11:9-43
79        android:supportsRtl="true"
79-->src\main\AndroidManifest.xml:12:9-35
80        android:testOnly="true"
81        android:theme="@style/Theme.FinalProject" >
81-->src\main\AndroidManifest.xml:13:9-50
82        <activity
82-->src\main\AndroidManifest.xml:17:9-19:39
83            android:name="com.sundxin.noloader.FActy2"
83-->src\main\AndroidManifest.xml:18:13-55
84            android:exported="false" />
84-->src\main\AndroidManifest.xml:19:13-37
85        <activity
85-->src\main\AndroidManifest.xml:21:9-29:20
86            android:name="com.sundxin.noloader.FActy"
86-->src\main\AndroidManifest.xml:22:13-54
87            android:exported="true" >
87-->src\main\AndroidManifest.xml:23:13-36
88            <intent-filter>
88-->src\main\AndroidManifest.xml:25:13-28:29
89                <action android:name="android.intent.action.MAIN" />
89-->src\main\AndroidManifest.xml:26:17-69
89-->src\main\AndroidManifest.xml:26:25-66
90
91                <category android:name="android.intent.category.LAUNCHER" />
91-->src\main\AndroidManifest.xml:27:17-77
91-->src\main\AndroidManifest.xml:27:27-74
92            </intent-filter>
93        </activity>
94
95        <meta-data
95-->[:heniefont] AndroidManifest.xml:19:9-21:36
96            android:name="com.google.android.gms.ads.AD_MANAGER_APP"
96-->[:heniefont] AndroidManifest.xml:20:13-69
97            android:value="true" />
97-->[:heniefont] AndroidManifest.xml:21:13-33
98
99        <receiver
99-->[com.onesignal:OneSignal:4.8.4] AndroidManifest.xml:50:9-61:20
100            android:name="com.onesignal.FCMBroadcastReceiver"
100-->[com.onesignal:OneSignal:4.8.4] AndroidManifest.xml:51:13-62
101            android:exported="true"
101-->[com.onesignal:OneSignal:4.8.4] AndroidManifest.xml:52:13-36
102            android:permission="com.google.android.c2dm.permission.SEND" >
102-->[com.onesignal:OneSignal:4.8.4] AndroidManifest.xml:53:13-73
103
104            <!-- High priority so OneSignal payloads can be filtered from other FCM receivers -->
105            <intent-filter android:priority="999" >
105-->[com.onesignal:OneSignal:4.8.4] AndroidManifest.xml:56:13-60:29
105-->[com.onesignal:OneSignal:4.8.4] AndroidManifest.xml:56:28-50
106                <action android:name="com.google.android.c2dm.intent.RECEIVE" />
106-->[com.onesignal:OneSignal:4.8.4] AndroidManifest.xml:57:17-81
106-->[com.onesignal:OneSignal:4.8.4] AndroidManifest.xml:57:25-78
107
108                <category android:name="com.sundxin.noloader" />
108-->[com.onesignal:OneSignal:4.8.4] AndroidManifest.xml:59:17-61
108-->[com.onesignal:OneSignal:4.8.4] AndroidManifest.xml:59:27-58
109            </intent-filter>
110        </receiver>
111
112        <service
112-->[com.onesignal:OneSignal:4.8.4] AndroidManifest.xml:63:9-69:19
113            android:name="com.onesignal.HmsMessageServiceOneSignal"
113-->[com.onesignal:OneSignal:4.8.4] AndroidManifest.xml:64:13-68
114            android:exported="false" >
114-->[com.onesignal:OneSignal:4.8.4] AndroidManifest.xml:65:13-37
115            <intent-filter>
115-->[com.onesignal:OneSignal:4.8.4] AndroidManifest.xml:66:13-68:29
116                <action android:name="com.huawei.push.action.MESSAGING_EVENT" />
116-->[com.onesignal:OneSignal:4.8.4] AndroidManifest.xml:67:17-81
116-->[com.onesignal:OneSignal:4.8.4] AndroidManifest.xml:67:25-78
117            </intent-filter>
118        </service>
119
120        <activity
120-->[com.onesignal:OneSignal:4.8.4] AndroidManifest.xml:71:9-79:20
121            android:name="com.onesignal.NotificationOpenedActivityHMS"
121-->[com.onesignal:OneSignal:4.8.4] AndroidManifest.xml:72:13-71
122            android:exported="true"
122-->[com.onesignal:OneSignal:4.8.4] AndroidManifest.xml:73:13-36
123            android:noHistory="true"
123-->[com.onesignal:OneSignal:4.8.4] AndroidManifest.xml:74:13-37
124            android:theme="@android:style/Theme.Translucent.NoTitleBar" >
124-->[com.onesignal:OneSignal:4.8.4] AndroidManifest.xml:75:13-72
125            <intent-filter>
125-->[com.onesignal:OneSignal:4.8.4] AndroidManifest.xml:76:13-78:29
126                <action android:name="android.intent.action.VIEW" />
126-->[com.onesignal:OneSignal:4.8.4] AndroidManifest.xml:77:17-69
126-->[com.onesignal:OneSignal:4.8.4] AndroidManifest.xml:77:25-66
127            </intent-filter>
128        </activity>
129
130        <service
130-->[com.onesignal:OneSignal:4.8.4] AndroidManifest.xml:81:9-83:40
131            android:name="com.onesignal.FCMIntentService"
131-->[com.onesignal:OneSignal:4.8.4] AndroidManifest.xml:82:13-58
132            android:exported="false" />
132-->[com.onesignal:OneSignal:4.8.4] AndroidManifest.xml:83:13-37
133        <service
133-->[com.onesignal:OneSignal:4.8.4] AndroidManifest.xml:84:9-87:72
134            android:name="com.onesignal.FCMIntentJobService"
134-->[com.onesignal:OneSignal:4.8.4] AndroidManifest.xml:85:13-61
135            android:exported="false"
135-->[com.onesignal:OneSignal:4.8.4] AndroidManifest.xml:86:13-37
136            android:permission="android.permission.BIND_JOB_SERVICE" />
136-->[com.onesignal:OneSignal:4.8.4] AndroidManifest.xml:87:13-69
137        <service
137-->[com.onesignal:OneSignal:4.8.4] AndroidManifest.xml:88:9-91:43
138            android:name="com.onesignal.SyncService"
138-->[com.onesignal:OneSignal:4.8.4] AndroidManifest.xml:89:13-53
139            android:exported="false"
139-->[com.onesignal:OneSignal:4.8.4] AndroidManifest.xml:90:13-37
140            android:stopWithTask="true" />
140-->[com.onesignal:OneSignal:4.8.4] AndroidManifest.xml:91:13-40
141        <service
141-->[com.onesignal:OneSignal:4.8.4] AndroidManifest.xml:92:9-95:72
142            android:name="com.onesignal.SyncJobService"
142-->[com.onesignal:OneSignal:4.8.4] AndroidManifest.xml:93:13-56
143            android:exported="false"
143-->[com.onesignal:OneSignal:4.8.4] AndroidManifest.xml:94:13-37
144            android:permission="android.permission.BIND_JOB_SERVICE" />
144-->[com.onesignal:OneSignal:4.8.4] AndroidManifest.xml:95:13-69
145
146        <activity
146-->[com.onesignal:OneSignal:4.8.4] AndroidManifest.xml:97:9-100:75
147            android:name="com.onesignal.PermissionsActivity"
147-->[com.onesignal:OneSignal:4.8.4] AndroidManifest.xml:98:13-61
148            android:exported="false"
148-->[com.onesignal:OneSignal:4.8.4] AndroidManifest.xml:99:13-37
149            android:theme="@android:style/Theme.Translucent.NoTitleBar" />
149-->[com.onesignal:OneSignal:4.8.4] AndroidManifest.xml:100:13-72
150
151        <receiver
151-->[com.onesignal:OneSignal:4.8.4] AndroidManifest.xml:102:9-104:39
152            android:name="com.onesignal.NotificationDismissReceiver"
152-->[com.onesignal:OneSignal:4.8.4] AndroidManifest.xml:103:13-69
153            android:exported="true" />
153-->[com.onesignal:OneSignal:4.8.4] AndroidManifest.xml:104:13-36
154        <receiver
154-->[com.onesignal:OneSignal:4.8.4] AndroidManifest.xml:105:9-112:20
155            android:name="com.onesignal.BootUpReceiver"
155-->[com.onesignal:OneSignal:4.8.4] AndroidManifest.xml:106:13-56
156            android:exported="true" >
156-->[com.onesignal:OneSignal:4.8.4] AndroidManifest.xml:107:13-36
157            <intent-filter>
157-->[com.onesignal:OneSignal:4.8.4] AndroidManifest.xml:108:13-111:29
158                <action android:name="android.intent.action.BOOT_COMPLETED" />
158-->[com.onesignal:OneSignal:4.8.4] AndroidManifest.xml:109:17-79
158-->[com.onesignal:OneSignal:4.8.4] AndroidManifest.xml:109:25-76
159                <action android:name="android.intent.action.QUICKBOOT_POWERON" />
159-->[com.onesignal:OneSignal:4.8.4] AndroidManifest.xml:110:17-82
159-->[com.onesignal:OneSignal:4.8.4] AndroidManifest.xml:110:25-79
160            </intent-filter>
161        </receiver>
162        <receiver
162-->[com.onesignal:OneSignal:4.8.4] AndroidManifest.xml:113:9-119:20
163            android:name="com.onesignal.UpgradeReceiver"
163-->[com.onesignal:OneSignal:4.8.4] AndroidManifest.xml:114:13-57
164            android:exported="true" >
164-->[com.onesignal:OneSignal:4.8.4] AndroidManifest.xml:115:13-36
165            <intent-filter>
165-->[com.onesignal:OneSignal:4.8.4] AndroidManifest.xml:116:13-118:29
166                <action android:name="android.intent.action.MY_PACKAGE_REPLACED" />
166-->[com.onesignal:OneSignal:4.8.4] AndroidManifest.xml:117:17-84
166-->[com.onesignal:OneSignal:4.8.4] AndroidManifest.xml:117:25-81
167            </intent-filter>
168        </receiver>
169
170        <activity
170-->[com.onesignal:OneSignal:4.8.4] AndroidManifest.xml:121:9-127:75
171            android:name="com.onesignal.NotificationOpenedReceiver"
171-->[com.onesignal:OneSignal:4.8.4] AndroidManifest.xml:122:13-68
172            android:excludeFromRecents="true"
172-->[com.onesignal:OneSignal:4.8.4] AndroidManifest.xml:123:13-46
173            android:exported="true"
173-->[com.onesignal:OneSignal:4.8.4] AndroidManifest.xml:124:13-36
174            android:noHistory="true"
174-->[com.onesignal:OneSignal:4.8.4] AndroidManifest.xml:125:13-37
175            android:taskAffinity=""
175-->[com.onesignal:OneSignal:4.8.4] AndroidManifest.xml:126:13-36
176            android:theme="@android:style/Theme.Translucent.NoTitleBar" />
176-->[com.onesignal:OneSignal:4.8.4] AndroidManifest.xml:127:13-72
177        <activity
177-->[com.onesignal:OneSignal:4.8.4] AndroidManifest.xml:128:9-133:75
178            android:name="com.onesignal.NotificationOpenedReceiverAndroid22AndOlder"
178-->[com.onesignal:OneSignal:4.8.4] AndroidManifest.xml:129:13-85
179            android:excludeFromRecents="true"
179-->[com.onesignal:OneSignal:4.8.4] AndroidManifest.xml:130:13-46
180            android:exported="true"
180-->[com.onesignal:OneSignal:4.8.4] AndroidManifest.xml:131:13-36
181            android:noHistory="true"
181-->[com.onesignal:OneSignal:4.8.4] AndroidManifest.xml:132:13-37
182            android:theme="@android:style/Theme.Translucent.NoTitleBar" />
182-->[com.onesignal:OneSignal:4.8.4] AndroidManifest.xml:133:13-72
183        <activity
183-->[com.facebook.android:audience-network-sdk:6.12.0] AndroidManifest.xml:20:9-24:75
184            android:name="com.facebook.ads.AudienceNetworkActivity"
184-->[com.facebook.android:audience-network-sdk:6.12.0] AndroidManifest.xml:21:13-68
185            android:configChanges="keyboardHidden|orientation|screenSize"
185-->[com.facebook.android:audience-network-sdk:6.12.0] AndroidManifest.xml:22:13-74
186            android:exported="false"
186-->[com.facebook.android:audience-network-sdk:6.12.0] AndroidManifest.xml:23:13-37
187            android:theme="@android:style/Theme.Translucent.NoTitleBar" />
187-->[com.facebook.android:audience-network-sdk:6.12.0] AndroidManifest.xml:24:13-72
188
189        <provider
189-->[com.facebook.android:audience-network-sdk:6.12.0] AndroidManifest.xml:26:9-29:40
190            android:name="com.facebook.ads.AudienceNetworkContentProvider"
190-->[com.facebook.android:audience-network-sdk:6.12.0] AndroidManifest.xml:27:13-75
191            android:authorities="com.sundxin.noloader.AudienceNetworkContentProvider"
191-->[com.facebook.android:audience-network-sdk:6.12.0] AndroidManifest.xml:28:13-82
192            android:exported="false" />
192-->[com.facebook.android:audience-network-sdk:6.12.0] AndroidManifest.xml:29:13-37
193
194        <receiver
194-->[com.google.firebase:firebase-messaging:22.0.0] AndroidManifest.xml:28:9-35:20
195            android:name="com.google.firebase.iid.FirebaseInstanceIdReceiver"
195-->[com.google.firebase:firebase-messaging:22.0.0] AndroidManifest.xml:29:13-78
196            android:exported="true"
196-->[com.google.firebase:firebase-messaging:22.0.0] AndroidManifest.xml:30:13-36
197            android:permission="com.google.android.c2dm.permission.SEND" >
197-->[com.google.firebase:firebase-messaging:22.0.0] AndroidManifest.xml:31:13-73
198            <intent-filter>
198-->[com.google.firebase:firebase-messaging:22.0.0] AndroidManifest.xml:32:13-34:29
199                <action android:name="com.google.android.c2dm.intent.RECEIVE" />
199-->[com.onesignal:OneSignal:4.8.4] AndroidManifest.xml:57:17-81
199-->[com.onesignal:OneSignal:4.8.4] AndroidManifest.xml:57:25-78
200            </intent-filter>
201        </receiver>
202        <!--
203             FirebaseMessagingService performs security checks at runtime,
204             but set to not exported to explicitly avoid allowing another app to call it.
205        -->
206        <service
206-->[com.google.firebase:firebase-messaging:22.0.0] AndroidManifest.xml:41:9-48:19
207            android:name="com.google.firebase.messaging.FirebaseMessagingService"
207-->[com.google.firebase:firebase-messaging:22.0.0] AndroidManifest.xml:42:13-82
208            android:directBootAware="true"
208-->[com.google.firebase:firebase-messaging:22.0.0] AndroidManifest.xml:43:13-43
209            android:exported="false" >
209-->[com.google.firebase:firebase-messaging:22.0.0] AndroidManifest.xml:44:13-37
210            <intent-filter android:priority="-500" >
210-->[com.google.firebase:firebase-messaging:22.0.0] AndroidManifest.xml:45:13-47:29
210-->[com.google.firebase:firebase-messaging:22.0.0] AndroidManifest.xml:45:28-51
211                <action android:name="com.google.firebase.MESSAGING_EVENT" />
211-->[com.google.firebase:firebase-messaging:22.0.0] AndroidManifest.xml:46:17-78
211-->[com.google.firebase:firebase-messaging:22.0.0] AndroidManifest.xml:46:25-75
212            </intent-filter>
213        </service>
214        <service
214-->[com.google.firebase:firebase-messaging:22.0.0] AndroidManifest.xml:49:9-55:19
215            android:name="com.google.firebase.components.ComponentDiscoveryService"
215-->[com.google.firebase:firebase-messaging:22.0.0] AndroidManifest.xml:50:13-84
216            android:directBootAware="true"
216-->[com.google.firebase:firebase-common:20.0.0] AndroidManifest.xml:35:13-43
217            android:exported="false" >
217-->[com.google.firebase:firebase-messaging:22.0.0] AndroidManifest.xml:51:13-37
218            <meta-data
218-->[com.google.firebase:firebase-messaging:22.0.0] AndroidManifest.xml:52:13-54:85
219                android:name="com.google.firebase.components:com.google.firebase.messaging.FirebaseMessagingRegistrar"
219-->[com.google.firebase:firebase-messaging:22.0.0] AndroidManifest.xml:53:17-119
220                android:value="com.google.firebase.components.ComponentRegistrar" />
220-->[com.google.firebase:firebase-messaging:22.0.0] AndroidManifest.xml:54:17-82
221            <meta-data
221-->[com.google.firebase:firebase-datatransport:18.0.0] AndroidManifest.xml:28:13-30:85
222                android:name="com.google.firebase.components:com.google.firebase.datatransport.TransportRegistrar"
222-->[com.google.firebase:firebase-datatransport:18.0.0] AndroidManifest.xml:29:17-115
223                android:value="com.google.firebase.components.ComponentRegistrar" />
223-->[com.google.firebase:firebase-datatransport:18.0.0] AndroidManifest.xml:30:17-82
224            <meta-data
224-->[com.google.firebase:firebase-installations:17.0.0] AndroidManifest.xml:18:13-20:85
225                android:name="com.google.firebase.components:com.google.firebase.installations.FirebaseInstallationsRegistrar"
225-->[com.google.firebase:firebase-installations:17.0.0] AndroidManifest.xml:19:17-127
226                android:value="com.google.firebase.components.ComponentRegistrar" />
226-->[com.google.firebase:firebase-installations:17.0.0] AndroidManifest.xml:20:17-82
227        </service> <!-- Include the AdActivity and InAppPurchaseActivity configChanges and themes. -->
228        <activity
228-->[com.google.android.gms:play-services-ads-lite:21.2.0] AndroidManifest.xml:49:9-53:64
229            android:name="com.google.android.gms.ads.AdActivity"
229-->[com.google.android.gms:play-services-ads-lite:21.2.0] AndroidManifest.xml:50:13-65
230            android:configChanges="keyboard|keyboardHidden|orientation|screenLayout|uiMode|screenSize|smallestScreenSize"
230-->[com.google.android.gms:play-services-ads-lite:21.2.0] AndroidManifest.xml:51:13-122
231            android:exported="false"
231-->[com.google.android.gms:play-services-ads-lite:21.2.0] AndroidManifest.xml:52:13-37
232            android:theme="@android:style/Theme.Translucent" />
232-->[com.google.android.gms:play-services-ads-lite:21.2.0] AndroidManifest.xml:53:13-61
233
234        <provider
234-->[com.google.android.gms:play-services-ads-lite:21.2.0] AndroidManifest.xml:55:9-59:39
235            android:name="com.google.android.gms.ads.MobileAdsInitProvider"
235-->[com.google.android.gms:play-services-ads-lite:21.2.0] AndroidManifest.xml:56:13-76
236            android:authorities="com.sundxin.noloader.mobileadsinitprovider"
236-->[com.google.android.gms:play-services-ads-lite:21.2.0] AndroidManifest.xml:57:13-73
237            android:exported="false"
237-->[com.google.android.gms:play-services-ads-lite:21.2.0] AndroidManifest.xml:58:13-37
238            android:initOrder="100" />
238-->[com.google.android.gms:play-services-ads-lite:21.2.0] AndroidManifest.xml:59:13-36
239
240        <service
240-->[com.google.android.gms:play-services-ads-lite:21.2.0] AndroidManifest.xml:61:9-64:40
241            android:name="com.google.android.gms.ads.AdService"
241-->[com.google.android.gms:play-services-ads-lite:21.2.0] AndroidManifest.xml:62:13-64
242            android:enabled="true"
242-->[com.google.android.gms:play-services-ads-lite:21.2.0] AndroidManifest.xml:63:13-35
243            android:exported="false" />
243-->[com.google.android.gms:play-services-ads-lite:21.2.0] AndroidManifest.xml:64:13-37
244
245        <provider
245-->[com.google.firebase:firebase-common:20.0.0] AndroidManifest.xml:26:9-31:39
246            android:name="com.google.firebase.provider.FirebaseInitProvider"
246-->[com.google.firebase:firebase-common:20.0.0] AndroidManifest.xml:27:13-77
247            android:authorities="com.sundxin.noloader.firebaseinitprovider"
247-->[com.google.firebase:firebase-common:20.0.0] AndroidManifest.xml:28:13-72
248            android:directBootAware="true"
248-->[com.google.firebase:firebase-common:20.0.0] AndroidManifest.xml:29:13-43
249            android:exported="false"
249-->[com.google.firebase:firebase-common:20.0.0] AndroidManifest.xml:30:13-37
250            android:initOrder="100" />
250-->[com.google.firebase:firebase-common:20.0.0] AndroidManifest.xml:31:13-36
251
252        <activity
252-->[com.google.android.gms:play-services-base:18.0.0] AndroidManifest.xml:20:9-22:45
253            android:name="com.google.android.gms.common.api.GoogleApiActivity"
253-->[com.google.android.gms:play-services-base:18.0.0] AndroidManifest.xml:20:19-85
254            android:exported="false"
254-->[com.google.android.gms:play-services-base:18.0.0] AndroidManifest.xml:22:19-43
255            android:theme="@android:style/Theme.Translucent.NoTitleBar" />
255-->[com.google.android.gms:play-services-base:18.0.0] AndroidManifest.xml:21:19-78
256
257        <meta-data
257-->[com.google.android.gms:play-services-basement:18.0.0] AndroidManifest.xml:21:9-23:69
258            android:name="com.google.android.gms.version"
258-->[com.google.android.gms:play-services-basement:18.0.0] AndroidManifest.xml:22:13-58
259            android:value="@integer/google_play_services_version" />
259-->[com.google.android.gms:play-services-basement:18.0.0] AndroidManifest.xml:23:13-66
260
261        <provider
261-->[androidx.emoji2:emoji2:1.2.0] AndroidManifest.xml:24:9-32:20
262            android:name="androidx.startup.InitializationProvider"
262-->[androidx.emoji2:emoji2:1.2.0] AndroidManifest.xml:25:13-67
263            android:authorities="com.sundxin.noloader.androidx-startup"
263-->[androidx.emoji2:emoji2:1.2.0] AndroidManifest.xml:26:13-68
264            android:exported="false" >
264-->[androidx.emoji2:emoji2:1.2.0] AndroidManifest.xml:27:13-37
265            <meta-data
265-->[androidx.emoji2:emoji2:1.2.0] AndroidManifest.xml:29:13-31:52
266                android:name="androidx.emoji2.text.EmojiCompatInitializer"
266-->[androidx.emoji2:emoji2:1.2.0] AndroidManifest.xml:30:17-75